2025-09-30T07:44:38: [2025-09-30 07:44:38 +0700] [2131587] [INFO] Starting gunicorn 23.0.0
2025-09-30T07:44:38: [2025-09-30 07:44:38 +0700] [2131587] [INFO] Listening at: http://0.0.0.0:5001 (2131587)
2025-09-30T07:44:38: [2025-09-30 07:44:38 +0700] [2131587] [INFO] Using worker: sync
2025-09-30T07:44:38: [2025-09-30 07:44:38 +0700] [2131589] [INFO] Booting worker with pid: 2131589
2025-09-30T07:44:38: [2025-09-30 07:44:38 +0700] [2131594] [INFO] Booting worker with pid: 2131594
2025-09-30T07:44:38: [2025-09-30 07:44:38 +0700] [2131593] [INFO] Booting worker with pid: 2131593
2025-09-30T07:44:38: [2025-09-30 07:44:38 +0700] [2131595] [INFO] Booting worker with pid: 2131595
2025-09-30T07:45:21: [2025-09-30 07:45:21 +0700] [2131587] [CRITICAL] WORKER TIMEOUT (pid:2131594)
2025-09-30T07:45:21: [2025-09-30 07:45:21 +0700] [2131594] [ERROR] Error handling request (no URI read)
2025-09-30T07:45:21: Traceback (most recent call last):
2025-09-30T07:45:21:   File "/home/dhimas/.local/lib/python3.10/site-packages/gunicorn/workers/sync.py", line 133, in handle
2025-09-30T07:45:21:     req = next(parser)
2025-09-30T07:45:21:   File "/home/dhimas/.local/lib/python3.10/site-packages/gunicorn/http/parser.py", line 41, in __next__
2025-09-30T07:45:21:     self.mesg = self.mesg_class(self.cfg, self.unreader, self.source_addr, self.req_count)
2025-09-30T07:45:21:   File "/home/dhimas/.local/lib/python3.10/site-packages/gunicorn/http/message.py", line 259, in __init__
2025-09-30T07:45:21:     super().__init__(cfg, unreader, peer_addr)
2025-09-30T07:45:21:   File "/home/dhimas/.local/lib/python3.10/site-packages/gunicorn/http/message.py", line 60, in __init__
2025-09-30T07:45:21:     unused = self.parse(self.unreader)
2025-09-30T07:45:21:   File "/home/dhimas/.local/lib/python3.10/site-packages/gunicorn/http/message.py", line 271, in parse
2025-09-30T07:45:21:     self.get_data(unreader, buf, stop=True)
2025-09-30T07:45:21:   File "/home/dhimas/.local/lib/python3.10/site-packages/gunicorn/http/message.py", line 262, in get_data
2025-09-30T07:45:21:     data = unreader.read()
2025-09-30T07:45:21:   File "/home/dhimas/.local/lib/python3.10/site-packages/gunicorn/http/unreader.py", line 36, in read
2025-09-30T07:45:21:     d = self.chunk()
2025-09-30T07:45:21:   File "/home/dhimas/.local/lib/python3.10/site-packages/gunicorn/http/unreader.py", line 63, in chunk
2025-09-30T07:45:21:     return self.sock.recv(self.mxchunk)
2025-09-30T07:45:21:   File "/home/dhimas/.local/lib/python3.10/site-packages/gunicorn/workers/base.py", line 204, in handle_abort
2025-09-30T07:45:21:     sys.exit(1)
2025-09-30T07:45:21: SystemExit: 1
2025-09-30T07:45:21: [2025-09-30 07:45:21 +0700] [2131594] [INFO] Worker exiting (pid: 2131594)
2025-09-30T07:45:21: [2025-09-30 07:45:21 +0700] [2131892] [INFO] Booting worker with pid: 2131892
2025-09-30T08:40:46: [2025-09-30 08:40:46 +0700] [2131587] [CRITICAL] WORKER TIMEOUT (pid:2131892)
2025-09-30T08:40:46: [2025-09-30 08:40:46 +0700] [2131892] [ERROR] Error handling request (no URI read)
2025-09-30T08:40:46: Traceback (most recent call last):
2025-09-30T08:40:46:   File "/home/dhimas/.local/lib/python3.10/site-packages/gunicorn/workers/sync.py", line 133, in handle
2025-09-30T08:40:46:     req = next(parser)
2025-09-30T08:40:46:   File "/home/dhimas/.local/lib/python3.10/site-packages/gunicorn/http/parser.py", line 41, in __next__
2025-09-30T08:40:46:     self.mesg = self.mesg_class(self.cfg, self.unreader, self.source_addr, self.req_count)
2025-09-30T08:40:46:   File "/home/dhimas/.local/lib/python3.10/site-packages/gunicorn/http/message.py", line 259, in __init__
2025-09-30T08:40:46:     super().__init__(cfg, unreader, peer_addr)
2025-09-30T08:40:46:   File "/home/dhimas/.local/lib/python3.10/site-packages/gunicorn/http/message.py", line 60, in __init__
2025-09-30T08:40:46:     unused = self.parse(self.unreader)
2025-09-30T08:40:46:   File "/home/dhimas/.local/lib/python3.10/site-packages/gunicorn/http/message.py", line 271, in parse
2025-09-30T08:40:46:     self.get_data(unreader, buf, stop=True)
2025-09-30T08:40:46:   File "/home/dhimas/.local/lib/python3.10/site-packages/gunicorn/http/message.py", line 262, in get_data
2025-09-30T08:40:46:     data = unreader.read()
2025-09-30T08:40:46:   File "/home/dhimas/.local/lib/python3.10/site-packages/gunicorn/http/unreader.py", line 36, in read
2025-09-30T08:40:46:     d = self.chunk()
2025-09-30T08:40:46:   File "/home/dhimas/.local/lib/python3.10/site-packages/gunicorn/http/unreader.py", line 63, in chunk
2025-09-30T08:40:46:     return self.sock.recv(self.mxchunk)
2025-09-30T08:40:46:   File "/home/dhimas/.local/lib/python3.10/site-packages/gunicorn/workers/base.py", line 204, in handle_abort
2025-09-30T08:40:46:     sys.exit(1)
2025-09-30T08:40:46: SystemExit: 1
2025-09-30T08:40:46: [2025-09-30 08:40:46 +0700] [2131892] [INFO] Worker exiting (pid: 2131892)
2025-09-30T08:40:46: [2025-09-30 08:40:46 +0700] [2139383] [INFO] Booting worker with pid: 2139383
